2025-06-19 12:56:50.791 [main] INFO  lt.esdc.task2.util.Logger - Starting text processing application
2025-06-19 12:56:50.791 [main] INFO  lt.esdc.task2.util.Logger - Reading text from file: src/main/resources/input.txt
2025-06-19 12:56:50.791 [main] INFO  lt.esdc.task2.util.Logger - Successfully read input text from file
2025-06-19 12:56:50.820 [main] INFO  lt.esdc.task2.util.Logger - Successfully parsed text into composite structure
2025-06-19 12:56:50.820 [main] INFO  lt.esdc.task2.util.Logger - Successfully recovered text from composite structure
2025-06-19 12:56:50.820 [main] INFO  lt.esdc.task2.util.Logger - Writing text to file: output/recovered.txt
2025-06-19 12:56:50.820 [main] INFO  lt.esdc.task2.util.Logger - Successfully wrote recovered text to file
2025-06-19 12:56:50.820 [main] INFO  lt.esdc.task2.util.Logger - Starting text operations
2025-06-19 12:56:50.835 [main] INFO  lt.esdc.task2.util.Logger - Writing text to file: output/sorted_paragraphs.txt
2025-06-19 12:56:50.837 [main] INFO  lt.esdc.task2.util.Logger - Completed sorting paragraphs by sentence count
2025-06-19 12:56:50.839 [main] INFO  lt.esdc.task2.util.Logger - Found longest word: (7+5*12*(2+5-2-71))/12
2025-06-19 12:56:50.841 [main] INFO  lt.esdc.task2.util.Logger - Found 1 paragraphs containing the longest word
2025-06-19 12:56:50.841 [main] INFO  lt.esdc.task2.util.Logger - Writing text to file: output/longest_word_sentences.txt
2025-06-19 12:56:50.843 [main] INFO  lt.esdc.task2.util.Logger - Completed finding sentences with longest word
2025-06-19 12:56:50.845 [main] INFO  lt.esdc.task2.util.Logger - Writing text to file: output/short_removed.txt
2025-06-19 12:56:50.847 [main] INFO  lt.esdc.task2.util.Logger - Completed removing short sentences
2025-06-19 12:56:50.849 [main] INFO  lt.esdc.task2.util.Logger - Starting duplicate words count operation
2025-06-19 12:56:50.855 [main] INFO  lt.esdc.task2.util.Logger - Found 30 unique words and 9 duplicate words
2025-06-19 12:56:50.857 [main] INFO  lt.esdc.task2.util.Logger - Writing text to file: output/duplicate_words.txt
2025-06-19 12:56:50.859 [main] INFO  lt.esdc.task2.util.Logger - Completed counting duplicate words
2025-06-19 12:56:50.865 [main] INFO  lt.esdc.task2.util.Logger - Writing text to file: output/vowel_consonant_count.txt
2025-06-19 12:56:50.867 [main] INFO  lt.esdc.task2.util.Logger - Completed counting vowels and consonants
2025-06-19 12:56:50.867 [main] INFO  lt.esdc.task2.util.Logger - Text processing completed successfully
2025-06-19 13:03:04.556 [main] INFO  lt.esdc.task2.util.Logger - Starting text processing application
2025-06-19 13:03:04.556 [main] INFO  lt.esdc.task2.util.Logger - Reading text from file: src/main/resources/input.txt
2025-06-19 13:03:04.556 [main] INFO  lt.esdc.task2.util.Logger - Successfully read input text from file
2025-06-19 13:03:04.588 [main] INFO  lt.esdc.task2.util.Logger - Successfully parsed text into composite structure
2025-06-19 13:03:04.588 [main] INFO  lt.esdc.task2.util.Logger - Successfully recovered text from composite structure
2025-06-19 13:03:04.588 [main] INFO  lt.esdc.task2.util.Logger - Writing text to file: output/recovered.txt
2025-06-19 13:03:04.588 [main] INFO  lt.esdc.task2.util.Logger - Successfully wrote recovered text to file
2025-06-19 13:03:04.588 [main] INFO  lt.esdc.task2.util.Logger - Starting text operations
2025-06-19 13:03:04.602 [main] INFO  lt.esdc.task2.util.Logger - Writing text to file: output/sorted_paragraphs.txt
2025-06-19 13:03:04.604 [main] INFO  lt.esdc.task2.util.Logger - Completed sorting paragraphs by sentence count
2025-06-19 13:03:04.607 [main] INFO  lt.esdc.task2.util.Logger - Found longest word: longestlongestlongest
2025-06-19 13:03:04.607 [main] INFO  lt.esdc.task2.util.Logger - Found 1 paragraphs containing the longest word
2025-06-19 13:03:04.607 [main] INFO  lt.esdc.task2.util.Logger - Writing text to file: output/longest_word_sentences.txt
2025-06-19 13:03:04.607 [main] INFO  lt.esdc.task2.util.Logger - Completed finding sentences with longest word
2025-06-19 13:03:04.607 [main] INFO  lt.esdc.task2.util.Logger - Writing text to file: output/short_removed.txt
2025-06-19 13:03:04.607 [main] INFO  lt.esdc.task2.util.Logger - Completed removing short sentences
2025-06-19 13:03:04.607 [main] INFO  lt.esdc.task2.util.Logger - Starting duplicate words count operation
2025-06-19 13:03:04.620 [main] INFO  lt.esdc.task2.util.Logger - Found 30 unique words and 9 duplicate words
2025-06-19 13:03:04.622 [main] INFO  lt.esdc.task2.util.Logger - Writing text to file: output/duplicate_words.txt
2025-06-19 13:03:04.624 [main] INFO  lt.esdc.task2.util.Logger - Completed counting duplicate words
2025-06-19 13:03:04.626 [main] INFO  lt.esdc.task2.util.Logger - Writing text to file: output/vowel_consonant_count.txt
2025-06-19 13:03:04.626 [main] INFO  lt.esdc.task2.util.Logger - Completed counting vowels and consonants
2025-06-19 13:03:04.626 [main] INFO  lt.esdc.task2.util.Logger - Text processing completed successfully
2025-06-19 13:04:15.728 [main] INFO  lt.esdc.task2.util.Logger - Starting text processing application
2025-06-19 13:04:15.732 [main] INFO  lt.esdc.task2.util.Logger - Reading text from file: src/main/resources/input.txt
2025-06-19 13:04:15.732 [main] INFO  lt.esdc.task2.util.Logger - Successfully read input text from file
2025-06-19 13:04:15.753 [main] INFO  lt.esdc.task2.util.Logger - Successfully parsed text into composite structure
2025-06-19 13:04:15.753 [main] INFO  lt.esdc.task2.util.Logger - Successfully recovered text from composite structure
2025-06-19 13:04:15.753 [main] INFO  lt.esdc.task2.util.Logger - Writing text to file: output/recovered.txt
2025-06-19 13:04:15.759 [main] INFO  lt.esdc.task2.util.Logger - Successfully wrote recovered text to file
2025-06-19 13:04:15.761 [main] INFO  lt.esdc.task2.util.Logger - Starting text operations
2025-06-19 13:04:15.761 [main] INFO  lt.esdc.task2.util.Logger - Writing text to file: output/sorted_paragraphs.txt
2025-06-19 13:04:15.761 [main] INFO  lt.esdc.task2.util.Logger - Completed sorting paragraphs by sentence count
2025-06-19 13:04:15.761 [main] INFO  lt.esdc.task2.util.Logger - Found longest word: longestlongestlongest
2025-06-19 13:04:15.769 [main] INFO  lt.esdc.task2.util.Logger - Found 1 paragraphs containing the longest word
2025-06-19 13:04:15.769 [main] INFO  lt.esdc.task2.util.Logger - Writing text to file: output/longest_word_sentences.txt
2025-06-19 13:04:15.769 [main] INFO  lt.esdc.task2.util.Logger - Completed finding sentences with longest word
2025-06-19 13:04:15.769 [main] INFO  lt.esdc.task2.util.Logger - Writing text to file: output/short_removed.txt
2025-06-19 13:04:15.769 [main] INFO  lt.esdc.task2.util.Logger - Completed removing short sentences
2025-06-19 13:04:15.769 [main] INFO  lt.esdc.task2.util.Logger - Starting duplicate words count operation
2025-06-19 13:04:15.769 [main] INFO  lt.esdc.task2.util.Logger - Found 30 unique words and 9 duplicate words
2025-06-19 13:04:15.769 [main] INFO  lt.esdc.task2.util.Logger - Writing text to file: output/duplicate_words.txt
2025-06-19 13:04:15.769 [main] INFO  lt.esdc.task2.util.Logger - Completed counting duplicate words
2025-06-19 13:04:15.784 [main] INFO  lt.esdc.task2.util.Logger - Writing text to file: output/vowel_consonant_count.txt
2025-06-19 13:04:15.784 [main] INFO  lt.esdc.task2.util.Logger - Completed counting vowels and consonants
2025-06-19 13:04:15.784 [main] INFO  lt.esdc.task2.util.Logger - Text processing completed successfully
2025-06-19 13:04:39.486 [main] INFO  lt.esdc.task2.util.Logger - Starting text processing application
2025-06-19 13:04:39.486 [main] INFO  lt.esdc.task2.util.Logger - Reading text from file: src/main/resources/input.txt
2025-06-19 13:04:39.486 [main] INFO  lt.esdc.task2.util.Logger - Successfully read input text from file
2025-06-19 13:04:39.526 [main] INFO  lt.esdc.task2.util.Logger - Successfully parsed text into composite structure
2025-06-19 13:04:39.526 [main] INFO  lt.esdc.task2.util.Logger - Successfully recovered text from composite structure
2025-06-19 13:04:39.526 [main] INFO  lt.esdc.task2.util.Logger - Writing text to file: output/recovered.txt
2025-06-19 13:04:39.533 [main] INFO  lt.esdc.task2.util.Logger - Successfully wrote recovered text to file
2025-06-19 13:04:39.533 [main] INFO  lt.esdc.task2.util.Logger - Starting text operations
2025-06-19 13:04:39.539 [main] INFO  lt.esdc.task2.util.Logger - Writing text to file: output/sorted_paragraphs.txt
2025-06-19 13:04:39.539 [main] INFO  lt.esdc.task2.util.Logger - Completed sorting paragraphs by sentence count
2025-06-19 13:04:39.539 [main] INFO  lt.esdc.task2.util.Logger - Found longest word: longestlongestlongest
2025-06-19 13:04:39.539 [main] INFO  lt.esdc.task2.util.Logger - Found 1 paragraphs containing the longest word
2025-06-19 13:04:39.539 [main] INFO  lt.esdc.task2.util.Logger - Writing text to file: output/longest_word_sentences.txt
2025-06-19 13:04:39.539 [main] INFO  lt.esdc.task2.util.Logger - Completed finding sentences with longest word
2025-06-19 13:04:39.539 [main] INFO  lt.esdc.task2.util.Logger - Writing text to file: output/short_removed.txt
2025-06-19 13:04:39.539 [main] INFO  lt.esdc.task2.util.Logger - Completed removing short sentences
2025-06-19 13:04:39.539 [main] INFO  lt.esdc.task2.util.Logger - Starting duplicate words count operation
2025-06-19 13:04:39.549 [main] INFO  lt.esdc.task2.util.Logger - Found 30 unique words and 9 duplicate words
2025-06-19 13:04:39.556 [main] INFO  lt.esdc.task2.util.Logger - Writing text to file: output/duplicate_words.txt
2025-06-19 13:04:39.556 [main] INFO  lt.esdc.task2.util.Logger - Completed counting duplicate words
2025-06-19 13:04:39.561 [main] INFO  lt.esdc.task2.util.Logger - Writing text to file: output/vowel_consonant_count.txt
2025-06-19 13:04:39.561 [main] INFO  lt.esdc.task2.util.Logger - Completed counting vowels and consonants
2025-06-19 13:04:39.561 [main] INFO  lt.esdc.task2.util.Logger - Text processing completed successfully
2025-06-19 13:06:35.148 [main] INFO  lt.esdc.task2.util.Logger - Starting text processing application
2025-06-19 13:06:35.148 [main] INFO  lt.esdc.task2.util.Logger - Testing arithmetic expressions...
2025-06-19 13:06:35.148 [main] INFO  lt.esdc.task2.util.Logger - Complex expression: (7+5*12*(2+5-2-71))/12
2025-06-19 13:06:35.148 [main] INFO  lt.esdc.task2.util.Logger - Calculated result: -329.4166666666667
2025-06-19 13:06:35.148 [main] INFO  lt.esdc.task2.util.Logger - Expression as string: -329.4166666666667
2025-06-19 13:06:35.148 [main] INFO  lt.esdc.task2.util.Logger - Expression: (2+3) = 5.0
2025-06-19 13:06:35.163 [main] INFO  lt.esdc.task2.util.Logger - Expression: (10-3) = 7.0
2025-06-19 13:06:35.163 [main] INFO  lt.esdc.task2.util.Logger - Expression: (4*5) = 20.0
2025-06-19 13:06:35.163 [main] INFO  lt.esdc.task2.util.Logger - Expression: (15/3) = 5.0
2025-06-19 13:06:35.163 [main] INFO  lt.esdc.task2.util.Logger - Expression: (2+3*4) = 14.0
2025-06-19 13:06:35.163 [main] INFO  lt.esdc.task2.util.Logger - Arithmetic expression testing completed successfully
2025-06-19 13:06:35.163 [main] INFO  lt.esdc.task2.util.Logger - Reading text from file: src/main/resources/input.txt
2025-06-19 13:06:35.163 [main] INFO  lt.esdc.task2.util.Logger - Successfully read input text from file
2025-06-19 13:06:35.181 [main] INFO  lt.esdc.task2.util.Logger - Successfully parsed text into composite structure
2025-06-19 13:06:35.183 [main] INFO  lt.esdc.task2.util.Logger - Successfully recovered text from composite structure
2025-06-19 13:06:35.183 [main] INFO  lt.esdc.task2.util.Logger - Writing text to file: output/recovered.txt
2025-06-19 13:06:35.185 [main] INFO  lt.esdc.task2.util.Logger - Successfully wrote recovered text to file
2025-06-19 13:06:35.185 [main] INFO  lt.esdc.task2.util.Logger - Starting text operations
2025-06-19 13:06:35.187 [main] INFO  lt.esdc.task2.util.Logger - Writing text to file: output/sorted_paragraphs.txt
2025-06-19 13:06:35.187 [main] INFO  lt.esdc.task2.util.Logger - Completed sorting paragraphs by sentence count
2025-06-19 13:06:35.187 [main] INFO  lt.esdc.task2.util.Logger - Found longest word: longestlongestlongest
2025-06-19 13:06:35.187 [main] INFO  lt.esdc.task2.util.Logger - Found 1 paragraphs containing the longest word
2025-06-19 13:06:35.187 [main] INFO  lt.esdc.task2.util.Logger - Writing text to file: output/longest_word_sentences.txt
2025-06-19 13:06:35.195 [main] INFO  lt.esdc.task2.util.Logger - Completed finding sentences with longest word
2025-06-19 13:06:35.195 [main] INFO  lt.esdc.task2.util.Logger - Writing text to file: output/short_removed.txt
2025-06-19 13:06:35.195 [main] INFO  lt.esdc.task2.util.Logger - Completed removing short sentences
2025-06-19 13:06:35.195 [main] INFO  lt.esdc.task2.util.Logger - Starting duplicate words count operation
2025-06-19 13:06:35.195 [main] INFO  lt.esdc.task2.util.Logger - Found 30 unique words and 9 duplicate words
2025-06-19 13:06:35.206 [main] INFO  lt.esdc.task2.util.Logger - Writing text to file: output/duplicate_words.txt
2025-06-19 13:06:35.208 [main] INFO  lt.esdc.task2.util.Logger - Completed counting duplicate words
2025-06-19 13:06:35.211 [main] INFO  lt.esdc.task2.util.Logger - Writing text to file: output/vowel_consonant_count.txt
2025-06-19 13:06:35.211 [main] INFO  lt.esdc.task2.util.Logger - Completed counting vowels and consonants
2025-06-19 13:06:35.211 [main] INFO  lt.esdc.task2.util.Logger - Starting arithmetic expression evaluation
2025-06-19 13:06:35.211 [main] ERROR lt.esdc.task2.util.Logger - Error occurred during text processing
java.lang.UnsupportedOperationException: Method is not supported for Symbol
	at lt.esdc.task2.composite.impl.Symbol.getComponents(Symbol.java:55)
	at lt.esdc.task2.operation.impl.EvaluateArithmeticExpressions.findArithmeticExpressions(EvaluateArithmeticExpressions.java:55)
	at lt.esdc.task2.operation.impl.EvaluateArithmeticExpressions.findArithmeticExpressions(EvaluateArithmeticExpressions.java:56)
	at lt.esdc.task2.operation.impl.EvaluateArithmeticExpressions.findArithmeticExpressions(EvaluateArithmeticExpressions.java:56)
	at lt.esdc.task2.operation.impl.EvaluateArithmeticExpressions.findArithmeticExpressions(EvaluateArithmeticExpressions.java:56)
	at lt.esdc.task2.operation.impl.EvaluateArithmeticExpressions.findArithmeticExpressions(EvaluateArithmeticExpressions.java:56)
	at lt.esdc.task2.operation.impl.EvaluateArithmeticExpressions.execute(EvaluateArithmeticExpressions.java:21)
	at lt.esdc.task2.Main.performTextOperations(Main.java:152)
	at lt.esdc.task2.Main.main(Main.java:48)
2025-06-19 13:07:10.056 [main] INFO  lt.esdc.task2.util.Logger - Starting text processing application
2025-06-19 13:07:10.056 [main] INFO  lt.esdc.task2.util.Logger - Testing arithmetic expressions...
2025-06-19 13:07:10.072 [main] INFO  lt.esdc.task2.util.Logger - Complex expression: (7+5*12*(2+5-2-71))/12
2025-06-19 13:07:10.072 [main] INFO  lt.esdc.task2.util.Logger - Calculated result: -329.4166666666667
2025-06-19 13:07:10.072 [main] INFO  lt.esdc.task2.util.Logger - Expression as string: -329.4166666666667
2025-06-19 13:07:10.072 [main] INFO  lt.esdc.task2.util.Logger - Expression: (2+3) = 5.0
2025-06-19 13:07:10.072 [main] INFO  lt.esdc.task2.util.Logger - Expression: (10-3) = 7.0
2025-06-19 13:07:10.072 [main] INFO  lt.esdc.task2.util.Logger - Expression: (4*5) = 20.0
2025-06-19 13:07:10.072 [main] INFO  lt.esdc.task2.util.Logger - Expression: (15/3) = 5.0
2025-06-19 13:07:10.072 [main] INFO  lt.esdc.task2.util.Logger - Expression: (2+3*4) = 14.0
2025-06-19 13:07:10.072 [main] INFO  lt.esdc.task2.util.Logger - Arithmetic expression testing completed successfully
2025-06-19 13:07:10.072 [main] INFO  lt.esdc.task2.util.Logger - Reading text from file: src/main/resources/input.txt
2025-06-19 13:07:10.072 [main] INFO  lt.esdc.task2.util.Logger - Successfully read input text from file
2025-06-19 13:07:10.087 [main] INFO  lt.esdc.task2.util.Logger - Successfully parsed text into composite structure
2025-06-19 13:07:10.087 [main] INFO  lt.esdc.task2.util.Logger - Successfully recovered text from composite structure
2025-06-19 13:07:10.087 [main] INFO  lt.esdc.task2.util.Logger - Writing text to file: output/recovered.txt
2025-06-19 13:07:10.101 [main] INFO  lt.esdc.task2.util.Logger - Successfully wrote recovered text to file
2025-06-19 13:07:10.101 [main] INFO  lt.esdc.task2.util.Logger - Starting text operations
2025-06-19 13:07:10.105 [main] INFO  lt.esdc.task2.util.Logger - Writing text to file: output/sorted_paragraphs.txt
2025-06-19 13:07:10.105 [main] INFO  lt.esdc.task2.util.Logger - Completed sorting paragraphs by sentence count
2025-06-19 13:07:10.105 [main] INFO  lt.esdc.task2.util.Logger - Found longest word: longestlongestlongest
2025-06-19 13:07:10.109 [main] INFO  lt.esdc.task2.util.Logger - Found 1 paragraphs containing the longest word
2025-06-19 13:07:10.109 [main] INFO  lt.esdc.task2.util.Logger - Writing text to file: output/longest_word_sentences.txt
2025-06-19 13:07:10.109 [main] INFO  lt.esdc.task2.util.Logger - Completed finding sentences with longest word
2025-06-19 13:07:10.109 [main] INFO  lt.esdc.task2.util.Logger - Writing text to file: output/short_removed.txt
2025-06-19 13:07:10.109 [main] INFO  lt.esdc.task2.util.Logger - Completed removing short sentences
2025-06-19 13:07:10.109 [main] INFO  lt.esdc.task2.util.Logger - Starting duplicate words count operation
2025-06-19 13:07:10.119 [main] INFO  lt.esdc.task2.util.Logger - Found 30 unique words and 9 duplicate words
2025-06-19 13:07:10.119 [main] INFO  lt.esdc.task2.util.Logger - Writing text to file: output/duplicate_words.txt
2025-06-19 13:07:10.119 [main] INFO  lt.esdc.task2.util.Logger - Completed counting duplicate words
2025-06-19 13:07:10.119 [main] INFO  lt.esdc.task2.util.Logger - Writing text to file: output/vowel_consonant_count.txt
2025-06-19 13:07:10.119 [main] INFO  lt.esdc.task2.util.Logger - Completed counting vowels and consonants
2025-06-19 13:07:10.119 [main] INFO  lt.esdc.task2.util.Logger - Starting arithmetic expression evaluation
2025-06-19 13:07:10.119 [main] ERROR lt.esdc.task2.util.Logger - Error occurred during text processing
java.lang.UnsupportedOperationException: Method is not supported for Symbol
	at lt.esdc.task2.composite.impl.Symbol.getComponents(Symbol.java:55)
	at lt.esdc.task2.operation.impl.EvaluateArithmeticExpressions.findArithmeticExpressions(EvaluateArithmeticExpressions.java:55)
	at lt.esdc.task2.operation.impl.EvaluateArithmeticExpressions.findArithmeticExpressions(EvaluateArithmeticExpressions.java:56)
	at lt.esdc.task2.operation.impl.EvaluateArithmeticExpressions.findArithmeticExpressions(EvaluateArithmeticExpressions.java:56)
	at lt.esdc.task2.operation.impl.EvaluateArithmeticExpressions.findArithmeticExpressions(EvaluateArithmeticExpressions.java:56)
	at lt.esdc.task2.operation.impl.EvaluateArithmeticExpressions.findArithmeticExpressions(EvaluateArithmeticExpressions.java:56)
	at lt.esdc.task2.operation.impl.EvaluateArithmeticExpressions.execute(EvaluateArithmeticExpressions.java:21)
	at lt.esdc.task2.Main.performTextOperations(Main.java:152)
	at lt.esdc.task2.Main.main(Main.java:48)
2025-06-19 13:08:05.487 [main] INFO  lt.esdc.task2.util.Logger - Starting text processing application
2025-06-19 13:08:05.489 [main] INFO  lt.esdc.task2.util.Logger - Testing arithmetic expressions...
2025-06-19 13:08:05.501 [main] INFO  lt.esdc.task2.util.Logger - Complex expression: (7+5*12*(2+5-2-71))/12
2025-06-19 13:08:05.503 [main] INFO  lt.esdc.task2.util.Logger - Calculated result: -329.4166666666667
2025-06-19 13:08:05.503 [main] INFO  lt.esdc.task2.util.Logger - Expression as string: -329.4166666666667
2025-06-19 13:08:05.505 [main] INFO  lt.esdc.task2.util.Logger - Expression: (2+3) = 5.0
2025-06-19 13:08:05.505 [main] INFO  lt.esdc.task2.util.Logger - Expression: (10-3) = 7.0
2025-06-19 13:08:05.505 [main] INFO  lt.esdc.task2.util.Logger - Expression: (4*5) = 20.0
2025-06-19 13:08:05.505 [main] INFO  lt.esdc.task2.util.Logger - Expression: (15/3) = 5.0
2025-06-19 13:08:05.505 [main] INFO  lt.esdc.task2.util.Logger - Expression: (2+3*4) = 14.0
2025-06-19 13:08:05.505 [main] INFO  lt.esdc.task2.util.Logger - Arithmetic expression testing completed successfully
2025-06-19 13:08:05.506 [main] INFO  lt.esdc.task2.util.Logger - Reading text from file: src/main/resources/input.txt
2025-06-19 13:08:05.507 [main] INFO  lt.esdc.task2.util.Logger - Successfully read input text from file
2025-06-19 13:08:05.524 [main] INFO  lt.esdc.task2.util.Logger - Successfully parsed text into composite structure
2025-06-19 13:08:05.524 [main] INFO  lt.esdc.task2.util.Logger - Successfully recovered text from composite structure
2025-06-19 13:08:05.524 [main] INFO  lt.esdc.task2.util.Logger - Writing text to file: output/recovered.txt
2025-06-19 13:08:05.524 [main] INFO  lt.esdc.task2.util.Logger - Successfully wrote recovered text to file
2025-06-19 13:08:05.524 [main] INFO  lt.esdc.task2.util.Logger - Starting text operations
2025-06-19 13:08:05.524 [main] INFO  lt.esdc.task2.util.Logger - Writing text to file: output/sorted_paragraphs.txt
2025-06-19 13:08:05.524 [main] INFO  lt.esdc.task2.util.Logger - Completed sorting paragraphs by sentence count
2025-06-19 13:08:05.524 [main] INFO  lt.esdc.task2.util.Logger - Found longest word: longestlongestlongest
2025-06-19 13:08:05.534 [main] INFO  lt.esdc.task2.util.Logger - Found 1 paragraphs containing the longest word
2025-06-19 13:08:05.534 [main] INFO  lt.esdc.task2.util.Logger - Writing text to file: output/longest_word_sentences.txt
2025-06-19 13:08:05.534 [main] INFO  lt.esdc.task2.util.Logger - Completed finding sentences with longest word
2025-06-19 13:08:05.534 [main] INFO  lt.esdc.task2.util.Logger - Writing text to file: output/short_removed.txt
2025-06-19 13:08:05.534 [main] INFO  lt.esdc.task2.util.Logger - Completed removing short sentences
2025-06-19 13:08:05.534 [main] INFO  lt.esdc.task2.util.Logger - Starting duplicate words count operation
2025-06-19 13:08:05.540 [main] INFO  lt.esdc.task2.util.Logger - Found 30 unique words and 9 duplicate words
2025-06-19 13:08:05.540 [main] INFO  lt.esdc.task2.util.Logger - Writing text to file: output/duplicate_words.txt
2025-06-19 13:08:05.540 [main] INFO  lt.esdc.task2.util.Logger - Completed counting duplicate words
2025-06-19 13:08:05.540 [main] INFO  lt.esdc.task2.util.Logger - Writing text to file: output/vowel_consonant_count.txt
2025-06-19 13:08:05.540 [main] INFO  lt.esdc.task2.util.Logger - Completed counting vowels and consonants
2025-06-19 13:08:05.540 [main] INFO  lt.esdc.task2.util.Logger - Starting arithmetic expression evaluation
2025-06-19 13:08:05.540 [main] INFO  lt.esdc.task2.util.Logger - Writing text to file: output/arithmetic_expressions.txt
2025-06-19 13:08:05.540 [main] INFO  lt.esdc.task2.util.Logger - Completed evaluating arithmetic expressions
2025-06-19 13:08:05.540 [main] INFO  lt.esdc.task2.util.Logger - Text processing completed successfully
2025-06-19 13:09:18.546 [main] INFO  lt.esdc.task2.util.Logger - Starting text processing application
2025-06-19 13:09:18.546 [main] INFO  lt.esdc.task2.util.Logger - Testing arithmetic expressions...
2025-06-19 13:09:18.562 [main] INFO  lt.esdc.task2.util.Logger - Complex expression: (7+5*12*(2+5-2-71))/12
2025-06-19 13:09:18.562 [main] INFO  lt.esdc.task2.util.Logger - Calculated result: -329.4166666666667
2025-06-19 13:09:18.562 [main] INFO  lt.esdc.task2.util.Logger - Expression as string: -329.4166666666667
2025-06-19 13:09:18.562 [main] INFO  lt.esdc.task2.util.Logger - Expression: (2+3) = 5.0
2025-06-19 13:09:18.562 [main] INFO  lt.esdc.task2.util.Logger - Expression: (10-3) = 7.0
2025-06-19 13:09:18.562 [main] INFO  lt.esdc.task2.util.Logger - Expression: (4*5) = 20.0
2025-06-19 13:09:18.562 [main] INFO  lt.esdc.task2.util.Logger - Expression: (15/3) = 5.0
2025-06-19 13:09:18.562 [main] INFO  lt.esdc.task2.util.Logger - Expression: (2+3*4) = 14.0
2025-06-19 13:09:18.562 [main] INFO  lt.esdc.task2.util.Logger - Testing parser with arithmetic expression...
2025-06-19 13:09:18.562 [main] INFO  lt.esdc.task2.util.Logger - Parsed component type: TEXT
2025-06-19 13:09:18.562 [main] INFO  lt.esdc.task2.util.Logger - Parsed component result: 

2025-06-19 13:09:18.562 [main] INFO  lt.esdc.task2.util.Logger - Arithmetic expression testing completed successfully
2025-06-19 13:09:18.562 [main] INFO  lt.esdc.task2.util.Logger - Reading text from file: src/main/resources/input.txt
2025-06-19 13:09:18.578 [main] INFO  lt.esdc.task2.util.Logger - Successfully read input text from file
2025-06-19 13:09:18.578 [main] INFO  lt.esdc.task2.util.Logger - Successfully parsed text into composite structure
2025-06-19 13:09:18.578 [main] INFO  lt.esdc.task2.util.Logger - Successfully recovered text from composite structure
2025-06-19 13:09:18.578 [main] INFO  lt.esdc.task2.util.Logger - Writing text to file: output/recovered.txt
2025-06-19 13:09:18.578 [main] INFO  lt.esdc.task2.util.Logger - Successfully wrote recovered text to file
2025-06-19 13:09:18.578 [main] INFO  lt.esdc.task2.util.Logger - Starting text operations
2025-06-19 13:09:18.578 [main] INFO  lt.esdc.task2.util.Logger - Writing text to file: output/sorted_paragraphs.txt
2025-06-19 13:09:18.578 [main] INFO  lt.esdc.task2.util.Logger - Completed sorting paragraphs by sentence count
2025-06-19 13:09:18.578 [main] INFO  lt.esdc.task2.util.Logger - Found longest word: longestlongestlongest
2025-06-19 13:09:18.594 [main] INFO  lt.esdc.task2.util.Logger - Found 1 paragraphs containing the longest word
2025-06-19 13:09:18.594 [main] INFO  lt.esdc.task2.util.Logger - Writing text to file: output/longest_word_sentences.txt
2025-06-19 13:09:18.594 [main] INFO  lt.esdc.task2.util.Logger - Completed finding sentences with longest word
2025-06-19 13:09:18.597 [main] INFO  lt.esdc.task2.util.Logger - Writing text to file: output/short_removed.txt
2025-06-19 13:09:18.597 [main] INFO  lt.esdc.task2.util.Logger - Completed removing short sentences
2025-06-19 13:09:18.597 [main] INFO  lt.esdc.task2.util.Logger - Starting duplicate words count operation
2025-06-19 13:09:18.597 [main] INFO  lt.esdc.task2.util.Logger - Found 30 unique words and 9 duplicate words
2025-06-19 13:09:18.597 [main] INFO  lt.esdc.task2.util.Logger - Writing text to file: output/duplicate_words.txt
2025-06-19 13:09:18.597 [main] INFO  lt.esdc.task2.util.Logger - Completed counting duplicate words
2025-06-19 13:09:18.610 [main] INFO  lt.esdc.task2.util.Logger - Writing text to file: output/vowel_consonant_count.txt
2025-06-19 13:09:18.610 [main] INFO  lt.esdc.task2.util.Logger - Completed counting vowels and consonants
2025-06-19 13:09:18.610 [main] INFO  lt.esdc.task2.util.Logger - Starting arithmetic expression evaluation
2025-06-19 13:09:18.610 [main] INFO  lt.esdc.task2.util.Logger - Full text to search: It is a-329.4166666666667 established fact that a reader will be of a page when looking at its layout.
This is the third paragraph. It has the longestlongestlongest word.
This is the first paragraph. It has two sentences! This is a test paragraph.
Here is the second paragraph. It contains three sentences. This is another test paragraph. The last sentence has more words than the others.

2025-06-19 13:09:18.610 [main] INFO  lt.esdc.task2.util.Logger - No expressions found in text, trying composite structure
2025-06-19 13:09:18.610 [main] INFO  lt.esdc.task2.util.Logger - No arithmetic expressions found
2025-06-19 13:09:18.610 [main] INFO  lt.esdc.task2.util.Logger - Writing text to file: output/arithmetic_expressions.txt
2025-06-19 13:09:18.610 [main] INFO  lt.esdc.task2.util.Logger - Completed evaluating arithmetic expressions
2025-06-19 13:09:18.610 [main] INFO  lt.esdc.task2.util.Logger - Text processing completed successfully
2025-06-19 13:14:19.014 [main] INFO  lt.esdc.task2.util.Logger - Starting duplicate words count operation
2025-06-19 13:14:19.014 [main] INFO  lt.esdc.task2.util.Logger - Found 17 unique words and 8 duplicate words
2025-06-19 13:14:19.117 [main] INFO  lt.esdc.task2.util.Logger - Found longest word: longestlongestlongest
2025-06-19 13:14:19.119 [main] INFO  lt.esdc.task2.util.Logger - Found 1 paragraphs containing the longest word
2025-06-19 13:14:44.986 [main] INFO  lt.esdc.task2.util.Logger - Starting text processing application
2025-06-19 13:14:44.986 [main] INFO  lt.esdc.task2.util.Logger - Testing arithmetic expressions...
2025-06-19 13:14:44.995 [main] INFO  lt.esdc.task2.util.Logger - Complex expression: (7+5*12*(2+5-2-71))/12
2025-06-19 13:14:44.995 [main] INFO  lt.esdc.task2.util.Logger - Calculated result: -329.4166666666667
2025-06-19 13:14:44.995 [main] INFO  lt.esdc.task2.util.Logger - Expression as string: -329.4166666666667
2025-06-19 13:14:45.004 [main] INFO  lt.esdc.task2.util.Logger - Expression: (2+3) = 5.0
2025-06-19 13:14:45.004 [main] INFO  lt.esdc.task2.util.Logger - Expression: (10-3) = 7.0
2025-06-19 13:14:45.004 [main] INFO  lt.esdc.task2.util.Logger - Expression: (4*5) = 20.0
2025-06-19 13:14:45.004 [main] INFO  lt.esdc.task2.util.Logger - Expression: (15/3) = 5.0
2025-06-19 13:14:45.004 [main] INFO  lt.esdc.task2.util.Logger - Expression: (2+3*4) = 14.0
2025-06-19 13:14:45.004 [main] INFO  lt.esdc.task2.util.Logger - Testing parser with arithmetic expression...
2025-06-19 13:14:45.014 [main] INFO  lt.esdc.task2.util.Logger - Parsed component type: TEXT
2025-06-19 13:14:45.014 [main] INFO  lt.esdc.task2.util.Logger - Parsed component result: 

2025-06-19 13:14:45.014 [main] INFO  lt.esdc.task2.util.Logger - Arithmetic expression testing completed successfully
2025-06-19 13:14:45.014 [main] INFO  lt.esdc.task2.util.Logger - Reading text from file: src/main/resources/input.txt
2025-06-19 13:14:45.014 [main] INFO  lt.esdc.task2.util.Logger - Successfully read input text from file
2025-06-19 13:14:45.028 [main] INFO  lt.esdc.task2.util.Logger - Successfully parsed text into composite structure
2025-06-19 13:14:45.028 [main] INFO  lt.esdc.task2.util.Logger - Successfully recovered text from composite structure
2025-06-19 13:14:45.030 [main] INFO  lt.esdc.task2.util.Logger - Writing text to file: output/recovered.txt
2025-06-19 13:14:45.030 [main] INFO  lt.esdc.task2.util.Logger - Successfully wrote recovered text to file
2025-06-19 13:14:45.030 [main] INFO  lt.esdc.task2.util.Logger - Starting text operations
2025-06-19 13:14:45.033 [main] INFO  lt.esdc.task2.util.Logger - Writing text to file: output/sorted_paragraphs.txt
2025-06-19 13:14:45.033 [main] INFO  lt.esdc.task2.util.Logger - Completed sorting paragraphs by sentence count
2025-06-19 13:14:45.033 [main] INFO  lt.esdc.task2.util.Logger - Found longest word: longestlongestlongest
2025-06-19 13:14:45.033 [main] INFO  lt.esdc.task2.util.Logger - Found 1 paragraphs containing the longest word
2025-06-19 13:14:45.033 [main] INFO  lt.esdc.task2.util.Logger - Writing text to file: output/longest_word_sentences.txt
2025-06-19 13:14:45.033 [main] INFO  lt.esdc.task2.util.Logger - Completed finding sentences with longest word
2025-06-19 13:14:45.033 [main] INFO  lt.esdc.task2.util.Logger - Writing text to file: output/short_removed.txt
2025-06-19 13:14:45.033 [main] INFO  lt.esdc.task2.util.Logger - Completed removing short sentences
2025-06-19 13:14:45.033 [main] INFO  lt.esdc.task2.util.Logger - Starting duplicate words count operation
2025-06-19 13:14:45.045 [main] INFO  lt.esdc.task2.util.Logger - Found 30 unique words and 9 duplicate words
2025-06-19 13:14:45.045 [main] INFO  lt.esdc.task2.util.Logger - Writing text to file: output/duplicate_words.txt
2025-06-19 13:14:45.045 [main] INFO  lt.esdc.task2.util.Logger - Completed counting duplicate words
2025-06-19 13:14:45.053 [main] INFO  lt.esdc.task2.util.Logger - Writing text to file: output/vowel_consonant_count.txt
2025-06-19 13:14:45.055 [main] INFO  lt.esdc.task2.util.Logger - Completed counting vowels and consonants
2025-06-19 13:14:45.055 [main] INFO  lt.esdc.task2.util.Logger - Starting arithmetic expression evaluation
2025-06-19 13:14:45.055 [main] INFO  lt.esdc.task2.util.Logger - Full text to search: It is a-329.4166666666667 established fact that a reader will be of a page when looking at its layout.
This is the third paragraph. It has the longestlongestlongest word.
This is the first paragraph. It has two sentences! This is a test paragraph.
Here is the second paragraph. It contains three sentences. This is another test paragraph. The last sentence has more words than the others.

2025-06-19 13:14:45.055 [main] INFO  lt.esdc.task2.util.Logger - No expressions found in text, trying composite structure
2025-06-19 13:14:45.055 [main] INFO  lt.esdc.task2.util.Logger - No arithmetic expressions found
2025-06-19 13:14:45.059 [main] INFO  lt.esdc.task2.util.Logger - Writing text to file: output/arithmetic_expressions.txt
2025-06-19 13:14:45.059 [main] INFO  lt.esdc.task2.util.Logger - Completed evaluating arithmetic expressions
2025-06-19 13:14:45.059 [main] INFO  lt.esdc.task2.util.Logger - Text processing completed successfully
2025-06-19 13:23:56.180 [main] INFO  lt.esdc.task2.util.Logger - Starting text processing application
2025-06-19 13:23:56.180 [main] INFO  lt.esdc.task2.util.Logger - Testing arithmetic expressions...
2025-06-19 13:23:56.192 [main] INFO  lt.esdc.task2.util.Logger - Complex expression: (7+5*12*(2+5-2-71))/12
2025-06-19 13:23:56.192 [main] INFO  lt.esdc.task2.util.Logger - Calculated result: -329.4166666666667
2025-06-19 13:23:56.192 [main] INFO  lt.esdc.task2.util.Logger - Expression as string: -329.4166666666667
2025-06-19 13:23:56.192 [main] INFO  lt.esdc.task2.util.Logger - Expression: (2+3) = 5.0
2025-06-19 13:23:56.207 [main] INFO  lt.esdc.task2.util.Logger - Expression: (10-3) = 7.0
2025-06-19 13:23:56.207 [main] INFO  lt.esdc.task2.util.Logger - Expression: (4*5) = 20.0
2025-06-19 13:23:56.207 [main] INFO  lt.esdc.task2.util.Logger - Expression: (15/3) = 5.0
2025-06-19 13:23:56.207 [main] INFO  lt.esdc.task2.util.Logger - Expression: (2+3*4) = 14.0
2025-06-19 13:23:56.207 [main] INFO  lt.esdc.task2.util.Logger - Testing parser with arithmetic expression...
2025-06-19 13:23:56.207 [main] INFO  lt.esdc.task2.util.Logger - Parsed component type: TEXT
2025-06-19 13:23:56.222 [main] INFO  lt.esdc.task2.util.Logger - Parsed component result: 

2025-06-19 13:23:56.222 [main] INFO  lt.esdc.task2.util.Logger - Arithmetic expression testing completed successfully
2025-06-19 13:23:56.223 [main] INFO  lt.esdc.task2.util.Logger - Reading text from file: src/main/resources/input.txt
2025-06-19 13:23:56.223 [main] INFO  lt.esdc.task2.util.Logger - Successfully read input text from file
2025-06-19 13:23:56.223 [main] INFO  lt.esdc.task2.util.Logger - Successfully parsed text into composite structure
2025-06-19 13:23:56.223 [main] INFO  lt.esdc.task2.util.Logger - Successfully recovered text from composite structure
2025-06-19 13:23:56.223 [main] INFO  lt.esdc.task2.util.Logger - Writing text to file: output/recovered.txt
2025-06-19 13:23:56.223 [main] INFO  lt.esdc.task2.util.Logger - Successfully wrote recovered text to file
2025-06-19 13:23:56.223 [main] INFO  lt.esdc.task2.util.Logger - Starting text operations
2025-06-19 13:23:56.223 [main] INFO  lt.esdc.task2.util.Logger - Writing text to file: output/sorted_paragraphs.txt
2025-06-19 13:23:56.223 [main] INFO  lt.esdc.task2.util.Logger - Completed sorting paragraphs by sentence count
2025-06-19 13:23:56.239 [main] INFO  lt.esdc.task2.util.Logger - Found longest word: longestlongestlongest
2025-06-19 13:23:56.239 [main] INFO  lt.esdc.task2.util.Logger - Found 1 paragraphs containing the longest word
2025-06-19 13:23:56.239 [main] INFO  lt.esdc.task2.util.Logger - Writing text to file: output/longest_word_sentences.txt
2025-06-19 13:23:56.239 [main] INFO  lt.esdc.task2.util.Logger - Completed finding sentences with longest word
2025-06-19 13:23:56.239 [main] INFO  lt.esdc.task2.util.Logger - Writing text to file: output/short_removed.txt
2025-06-19 13:23:56.239 [main] INFO  lt.esdc.task2.util.Logger - Completed removing short sentences
2025-06-19 13:23:56.245 [main] INFO  lt.esdc.task2.util.Logger - Starting duplicate words count operation
2025-06-19 13:23:56.245 [main] INFO  lt.esdc.task2.util.Logger - Found 30 unique words and 9 duplicate words
2025-06-19 13:23:56.252 [main] INFO  lt.esdc.task2.util.Logger - Writing text to file: output/duplicate_words.txt
2025-06-19 13:23:56.254 [main] INFO  lt.esdc.task2.util.Logger - Completed counting duplicate words
2025-06-19 13:23:56.257 [main] INFO  lt.esdc.task2.util.Logger - Writing text to file: output/vowel_consonant_count.txt
2025-06-19 13:23:56.257 [main] INFO  lt.esdc.task2.util.Logger - Completed counting vowels and consonants
2025-06-19 13:23:56.257 [main] INFO  lt.esdc.task2.util.Logger - Starting arithmetic expression evaluation
2025-06-19 13:23:56.257 [main] INFO  lt.esdc.task2.util.Logger - Full text to search: It is a-329.4166666666667 established fact that a reader will be of a page when looking at its layout.
This is the third paragraph. It has the longestlongestlongest word.
This is the first paragraph. It has two sentences! This is a test paragraph.
Here is the second paragraph. It contains three sentences. This is another test paragraph. The last sentence has more words than the others.

2025-06-19 13:23:56.257 [main] INFO  lt.esdc.task2.util.Logger - No expressions found in text, trying composite structure
2025-06-19 13:23:56.257 [main] INFO  lt.esdc.task2.util.Logger - No arithmetic expressions found
2025-06-19 13:23:56.257 [main] INFO  lt.esdc.task2.util.Logger - Writing text to file: output/arithmetic_expressions.txt
2025-06-19 13:23:56.257 [main] INFO  lt.esdc.task2.util.Logger - Completed evaluating arithmetic expressions
2025-06-19 13:23:56.257 [main] INFO  lt.esdc.task2.util.Logger - Text processing completed successfully
2025-06-19 13:30:55.587 [main] INFO  lt.esdc.task2.util.Logger - Starting text processing application
2025-06-19 13:30:55.587 [main] INFO  lt.esdc.task2.util.Logger - Testing arithmetic expressions...
2025-06-19 13:30:55.602 [main] INFO  lt.esdc.task2.util.Logger - Complex expression: (7+5*12*(2+5-2-71))/12
2025-06-19 13:30:55.611 [main] INFO  lt.esdc.task2.util.Logger - Calculated result: -329.4166666666667
2025-06-19 13:30:55.611 [main] INFO  lt.esdc.task2.util.Logger - Expression as string: -329.4166666666667
2025-06-19 13:30:55.611 [main] INFO  lt.esdc.task2.util.Logger - Expression: (2+3) = 5.0
2025-06-19 13:30:55.611 [main] INFO  lt.esdc.task2.util.Logger - Expression: (10-3) = 7.0
2025-06-19 13:30:55.611 [main] INFO  lt.esdc.task2.util.Logger - Expression: (4*5) = 20.0
2025-06-19 13:30:55.611 [main] INFO  lt.esdc.task2.util.Logger - Expression: (15/3) = 5.0
2025-06-19 13:30:55.611 [main] INFO  lt.esdc.task2.util.Logger - Expression: (2+3*4) = 14.0
2025-06-19 13:30:55.611 [main] INFO  lt.esdc.task2.util.Logger - Testing parser with arithmetic expression...
2025-06-19 13:30:55.618 [main] INFO  lt.esdc.task2.util.Logger - Parsed component type: TEXT
2025-06-19 13:30:55.618 [main] INFO  lt.esdc.task2.util.Logger - Parsed component result: 

2025-06-19 13:30:55.618 [main] INFO  lt.esdc.task2.util.Logger - Arithmetic expression testing completed successfully
2025-06-19 13:30:55.618 [main] INFO  lt.esdc.task2.util.Logger - Reading text from file: src/main/resources/input.txt
2025-06-19 13:30:55.618 [main] INFO  lt.esdc.task2.util.Logger - Successfully read input text from file
2025-06-19 13:30:55.634 [main] INFO  lt.esdc.task2.util.Logger - Successfully parsed text into composite structure
2025-06-19 13:30:55.634 [main] INFO  lt.esdc.task2.util.Logger - Successfully recovered text from composite structure
2025-06-19 13:30:55.636 [main] INFO  lt.esdc.task2.util.Logger - Writing text to file: output/recovered.txt
2025-06-19 13:30:55.636 [main] INFO  lt.esdc.task2.util.Logger - Successfully wrote recovered text to file
2025-06-19 13:30:55.636 [main] INFO  lt.esdc.task2.util.Logger - Starting text operations
2025-06-19 13:30:55.636 [main] INFO  lt.esdc.task2.util.Logger - Writing text to file: output/sorted_paragraphs.txt
2025-06-19 13:30:55.636 [main] INFO  lt.esdc.task2.util.Logger - Completed sorting paragraphs by sentence count
2025-06-19 13:30:55.636 [main] INFO  lt.esdc.task2.util.Logger - Found longest word: longestlongestlongest
2025-06-19 13:30:55.636 [main] INFO  lt.esdc.task2.util.Logger - Found 1 paragraphs containing the longest word
2025-06-19 13:30:55.636 [main] INFO  lt.esdc.task2.util.Logger - Writing text to file: output/longest_word_sentences.txt
2025-06-19 13:30:55.636 [main] INFO  lt.esdc.task2.util.Logger - Completed finding sentences with longest word
2025-06-19 13:30:55.636 [main] INFO  lt.esdc.task2.util.Logger - Writing text to file: output/short_removed.txt
2025-06-19 13:30:55.636 [main] INFO  lt.esdc.task2.util.Logger - Completed removing short sentences
2025-06-19 13:30:55.636 [main] INFO  lt.esdc.task2.util.Logger - Starting duplicate words count operation
2025-06-19 13:30:55.650 [main] INFO  lt.esdc.task2.util.Logger - Found 30 unique words and 9 duplicate words
2025-06-19 13:30:55.650 [main] INFO  lt.esdc.task2.util.Logger - Writing text to file: output/duplicate_words.txt
2025-06-19 13:30:55.650 [main] INFO  lt.esdc.task2.util.Logger - Completed counting duplicate words
2025-06-19 13:30:55.650 [main] INFO  lt.esdc.task2.util.Logger - Writing text to file: output/vowel_consonant_count.txt
2025-06-19 13:30:55.650 [main] INFO  lt.esdc.task2.util.Logger - Completed counting vowels and consonants
2025-06-19 13:30:55.663 [main] INFO  lt.esdc.task2.util.Logger - Starting arithmetic expression evaluation
2025-06-19 13:30:55.663 [main] INFO  lt.esdc.task2.util.Logger - Full text to search: It is a-329.4166666666667 established fact that a reader will be of a page when looking at its layout.
This is the third paragraph. It has the longestlongestlongest word.
This is the first paragraph. It has two sentences! This is a test paragraph.
Here is the second paragraph. It contains three sentences. This is another test paragraph. The last sentence has more words than the others.

2025-06-19 13:30:55.663 [main] INFO  lt.esdc.task2.util.Logger - No expressions found in text, trying composite structure
2025-06-19 13:30:55.663 [main] INFO  lt.esdc.task2.util.Logger - No arithmetic expressions found
2025-06-19 13:30:55.663 [main] INFO  lt.esdc.task2.util.Logger - Writing text to file: output/arithmetic_expressions.txt
2025-06-19 13:30:55.666 [main] INFO  lt.esdc.task2.util.Logger - Completed evaluating arithmetic expressions
2025-06-19 13:30:55.666 [main] INFO  lt.esdc.task2.util.Logger - Text processing completed successfully
2025-06-19 13:31:14.414 [main] INFO  lt.esdc.task2.util.Logger - Starting duplicate words count operation
2025-06-19 13:31:14.418 [main] INFO  lt.esdc.task2.util.Logger - Found 17 unique words and 8 duplicate words
2025-06-19 13:31:14.540 [main] INFO  lt.esdc.task2.util.Logger - Found longest word: longestlongestlongest
2025-06-19 13:31:14.540 [main] INFO  lt.esdc.task2.util.Logger - Found 1 paragraphs containing the longest word
2025-06-19 13:35:28.175 [main] INFO  lt.esdc.task2.util.Logger - Starting duplicate words count operation
2025-06-19 13:35:28.182 [main] INFO  lt.esdc.task2.util.Logger - Found 17 unique words and 8 duplicate words
2025-06-19 13:35:28.283 [main] INFO  lt.esdc.task2.util.Logger - Found longest word: longestlongestlongest
2025-06-19 13:35:28.283 [main] INFO  lt.esdc.task2.util.Logger - Found 1 paragraphs containing the longest word
